10 8
5 6
0 4
| | | | |X| | | | | | | |
| | | | | | | | | | | | |
| | | | | | | | | | | | |
| | | | | | | | | | | | |
| | | | | | | | | | | | |
| | | | | | |X| | | | | |
| | | | | | | | | | | | |
| | | | | | | | | | | | |
| | | | | | | | | | | | |
| | | | | | | | | | | | |
| | | | | | | | |X| | | |
| | | | | | | | | | | | |

11 10
8 8
5 6
2 4
| | | | | | | | | | | | |
| | | | | | | | | | | | |
| | | | |X| | | | | | | |
| | | | | | | | | | | | |
| | | | | | | | | | | | |
| | | | | | |X| | | | | |
| | | | | | | | | | | | |
| | | | | | | | | | | | |
| | | | | | | | |X| | | |
| | | | | | | | | | | | |
| | | | | | | | | | | | |
| | | | | | | | | | |X| |

7 10
6 8
5 6
4 4
3 2
2 0
| | | | | | | | | | | | |
| | | | | | | | | | | | |
|X| | | | | | | | | | | |
| | |X| | | | | | | | | |
| | | | |X| | | | | | | |
| | | | | | |X| | | | | |
| | | | | | | | |X| | | |
| | | | | | | | | | |X| |
| | | | | | | | | | | | |
| | | | | | | | | | | | |
| | | | | | | | | | | | |
| | | | | | | | | | | | |

3 10
4 8
5 6
6 4
7 2
8 0
| | | | | | | | | | | | |
| | | | | | | | | | | | |
| | | | | | | | | | | | |
| | | | | | | | | | |X| |
| | | | | | | | |X| | | |
| | | | | | |X| | | | | |
| | | | |X| | | | | | | |
| | |X| | | | | | | | | |
|X| | | | | | | | | | | |
| | | | | | | | | | | | |
| | | | | | | | | | | | |
| | | | | | | | | | | | |

2 8
5 6
8 4
11 2
| | | | | | | | | | | | |
| | | | | | | | | | | | |
| | | | | | | | |X| | | |
| | | | | | | | | | | | |
| | | | | | | | | | | | |
| | | | | | |X| | | | | |
| | | | | | | | | | | | |
| | | | | | | | | | | | |
| | | | |X| | | | | | | |
| | | | | | | | | | | | |
| | | | | | | | | | | | |
| | |X| | | | | | | | | |
